<?xml version="1.0" encoding="UTF-8"?>
<testsuite name="com.epam.esm.service.impl.TagServiceImpl_UsingInnerDB_Test" tests="6" skipped="0" failures="3" errors="0" timestamp="2022-05-27T13:42:18" hostname="DESKTOP-US0M6L4" time="0.758">
  <properties/>
  <testcase name="deleteTag_tagExists()" classname="com.epam.esm.service.impl.TagServiceImpl_UsingInnerDB_Test" time="0.585"/>
  <testcase name="getAllTags()" classname="com.epam.esm.service.impl.TagServiceImpl_UsingInnerDB_Test" time="0.02">
    <failure message="org.opentest4j.AssertionFailedError: expected: &lt;3&gt; but was: &lt;2&gt;" type="org.opentest4j.AssertionFailedError">org.opentest4j.AssertionFailedError: expected: &lt;3&gt; but was: &lt;2&gt;
	at org.junit.jupiter.api.AssertionUtils.fail(AssertionUtils.java:55)
	at org.junit.jupiter.api.AssertionUtils.failNotEqual(AssertionUtils.java:62)
	at org.junit.jupiter.api.AssertEquals.assertEquals(AssertEquals.java:150)
	at org.junit.jupiter.api.AssertEquals.assertEquals(AssertEquals.java:145)
	at org.junit.jupiter.api.Assertions.assertEquals(Assertions.java:510)
	at com.epam.esm.service.impl.TagServiceImpl_UsingInnerDB_Test.getAllTags(TagServiceImpl_UsingInnerDB_Test.java:31)
	at sun.reflect.NativeMethodAccessorImpl.invoke0(Native Method)
	at sun.reflect.NativeMethodAccessorImpl.invoke(NativeMethodAccessorImpl.java:62)
	at sun.reflect.DelegatingMethodAccessorImpl.invoke(DelegatingMethodAccessorImpl.java:43)
	at java.lang.reflect.Method.invoke(Method.java:498)
	at org.junit.platform.commons.util.ReflectionUtils.invokeMethod(ReflectionUtils.java:725)
	at org.junit.jupiter.engine.execution.MethodInvocation.proceed(MethodInvocation.java:60)
	at org.junit.jupiter.engine.execution.InvocationInterceptorChain$ValidatingInvocation.proceed(InvocationInterceptorChain.java:131)
	at org.junit.jupiter.engine.extension.TimeoutExtension.intercept(TimeoutExtension.java:149)
	at org.junit.jupiter.engine.extension.TimeoutExtension.interceptTestableMethod(TimeoutExtension.java:140)
	at org.junit.jupiter.engine.extension.TimeoutExtension.interceptTestMethod(TimeoutExtension.java:84)
	at org.junit.jupiter.engine.execution.ExecutableInvoker$ReflectiveInterceptorCall.lambda$ofVoidMethod$0(ExecutableInvoker.java:115)
	at org.junit.jupiter.engine.execution.ExecutableInvoker.lambda$invoke$0(ExecutableInvoker.java:105)
	at org.junit.jupiter.engine.execution.InvocationInterceptorChain$InterceptedInvocation.proceed(InvocationInterceptorChain.java:106)
	at org.junit.jupiter.engine.execution.InvocationInterceptorChain.proceed(InvocationInterceptorChain.java:64)
	at org.junit.jupiter.engine.execution.InvocationInterceptorChain.chainAndInvoke(InvocationInterceptorChain.java:45)
	at org.junit.jupiter.engine.execution.InvocationInterceptorChain.invoke(InvocationInterceptorChain.java:37)
	at org.junit.jupiter.engine.execution.ExecutableInvoker.invoke(ExecutableInvoker.java:104)
	at org.junit.jupiter.engine.execution.ExecutableInvoker.invoke(ExecutableInvoker.java:98)
	at org.junit.jupiter.engine.descriptor.TestMethodTestDescriptor.lambda$invokeTestMethod$6(TestMethodTestDescriptor.java:210)
	at org.junit.platform.engine.support.hierarchical.ThrowableCollector.execute(ThrowableCollector.java:73)
	at org.junit.jupiter.engine.descriptor.TestMethodTestDescriptor.invokeTestMethod(TestMethodTestDescriptor.java:206)
	at org.junit.jupiter.engine.descriptor.TestMethodTestDescriptor.execute(TestMethodTestDescriptor.java:131)
	at org.junit.jupiter.engine.descriptor.TestMethodTestDescriptor.execute(TestMethodTestDescriptor.java:65)
	at org.junit.platform.engine.support.hierarchical.NodeTestTask.lambda$executeRecursively$6(NodeTestTask.java:151)
	at org.junit.platform.engine.support.hierarchical.ThrowableCollector.execute(ThrowableCollector.java:73)
	at org.junit.platform.engine.support.hierarchical.NodeTestTask.lambda$executeRecursively$8(NodeTestTask.java:141)
	at org.junit.platform.engine.support.hierarchical.Node.around(Node.java:137)
	at org.junit.platform.engine.support.hierarchical.NodeTestTask.lambda$executeRecursively$9(NodeTestTask.java:139)
	at org.junit.platform.engine.support.hierarchical.ThrowableCollector.execute(ThrowableCollector.java:73)
	at org.junit.platform.engine.support.hierarchical.NodeTestTask.executeRecursively(NodeTestTask.java:138)
	at org.junit.platform.engine.support.hierarchical.NodeTestTask.execute(NodeTestTask.java:95)
	at java.util.ArrayList.forEach(ArrayList.java:1259)
	at org.junit.platform.engine.support.hierarchical.SameThreadHierarchicalTestExecutorService.invokeAll(SameThreadHierarchicalTestExecutorService.java:41)
	at org.junit.platform.engine.support.hierarchical.NodeTestTask.lambda$executeRecursively$6(NodeTestTask.java:155)
	at org.junit.platform.engine.support.hierarchical.ThrowableCollector.execute(ThrowableCollector.java:73)
	at org.junit.platform.engine.support.hierarchical.NodeTestTask.lambda$executeRecursively$8(NodeTestTask.java:141)
	at org.junit.platform.engine.support.hierarchical.Node.around(Node.java:137)
	at org.junit.platform.engine.support.hierarchical.NodeTestTask.lambda$executeRecursively$9(NodeTestTask.java:139)
	at org.junit.platform.engine.support.hierarchical.ThrowableCollector.execute(ThrowableCollector.java:73)
	at org.junit.platform.engine.support.hierarchical.NodeTestTask.executeRecursively(NodeTestTask.java:138)
	at org.junit.platform.engine.support.hierarchical.NodeTestTask.execute(NodeTestTask.java:95)
	at java.util.ArrayList.forEach(ArrayList.java:1259)
	at org.junit.platform.engine.support.hierarchical.SameThreadHierarchicalTestExecutorService.invokeAll(SameThreadHierarchicalTestExecutorService.java:41)
	at org.junit.platform.engine.support.hierarchical.NodeTestTask.lambda$executeRecursively$6(NodeTestTask.java:155)
	at org.junit.platform.engine.support.hierarchical.ThrowableCollector.execute(ThrowableCollector.java:73)
	at org.junit.platform.engine.support.hierarchical.NodeTestTask.lambda$executeRecursively$8(NodeTestTask.java:141)
	at org.junit.platform.engine.support.hierarchical.Node.around(Node.java:137)
	at org.junit.platform.engine.support.hierarchical.NodeTestTask.lambda$executeRecursively$9(NodeTestTask.java:139)
	at org.junit.platform.engine.support.hierarchical.ThrowableCollector.execute(ThrowableCollector.java:73)
	at org.junit.platform.engine.support.hierarchical.NodeTestTask.executeRecursively(NodeTestTask.java:138)
	at org.junit.platform.engine.support.hierarchical.NodeTestTask.execute(NodeTestTask.java:95)
	at org.junit.platform.engine.support.hierarchical.SameThreadHierarchicalTestExecutorService.submit(SameThreadHierarchicalTestExecutorService.java:35)
	at org.junit.platform.engine.support.hierarchical.HierarchicalTestExecutor.execute(HierarchicalTestExecutor.java:57)
	at org.junit.platform.engine.support.hierarchical.HierarchicalTestEngine.execute(HierarchicalTestEngine.java:54)
	at org.junit.platform.launcher.core.EngineExecutionOrchestrator.execute(EngineExecutionOrchestrator.java:108)
	at org.junit.platform.launcher.core.EngineExecutionOrchestrator.execute(EngineExecutionOrchestrator.java:88)
	at org.junit.platform.launcher.core.EngineExecutionOrchestrator.lambda$execute$0(EngineExecutionOrchestrator.java:54)
	at org.junit.platform.launcher.core.EngineExecutionOrchestrator.withInterceptedStreams(EngineExecutionOrchestrator.java:67)
	at org.junit.platform.launcher.core.EngineExecutionOrchestrator.execute(EngineExecutionOrchestrator.java:52)
	at org.junit.platform.launcher.core.DefaultLauncher.execute(DefaultLauncher.java:96)
	at org.junit.platform.launcher.core.DefaultLauncher.execute(DefaultLauncher.java:75)
	at org.gradle.api.internal.tasks.testing.junitplatform.JUnitPlatformTestClassProcessor$CollectAllTestClassesExecutor.processAllTestClasses(JUnitPlatformTestClassProcessor.java:99)
	at org.gradle.api.internal.tasks.testing.junitplatform.JUnitPlatformTestClassProcessor$CollectAllTestClassesExecutor.access$000(JUnitPlatformTestClassProcessor.java:79)
	at org.gradle.api.internal.tasks.testing.junitplatform.JUnitPlatformTestClassProcessor.stop(JUnitPlatformTestClassProcessor.java:75)
	at org.gradle.api.internal.tasks.testing.SuiteTestClassProcessor.stop(SuiteTestClassProcessor.java:61)
	at sun.reflect.NativeMethodAccessorImpl.invoke0(Native Method)
	at sun.reflect.NativeMethodAccessorImpl.invoke(NativeMethodAccessorImpl.java:62)
	at sun.reflect.DelegatingMethodAccessorImpl.invoke(DelegatingMethodAccessorImpl.java:43)
	at java.lang.reflect.Method.invoke(Method.java:498)
	at org.gradle.internal.dispatch.ReflectionDispatch.dispatch(ReflectionDispatch.java:36)
	at org.gradle.internal.dispatch.ReflectionDispatch.dispatch(ReflectionDispatch.java:24)
	at org.gradle.internal.dispatch.ContextClassLoaderDispatch.dispatch(ContextClassLoaderDispatch.java:33)
	at org.gradle.internal.dispatch.ProxyDispatchAdapter$DispatchingInvocationHandler.invoke(ProxyDispatchAdapter.java:94)
	at com.sun.proxy.$Proxy2.stop(Unknown Source)
	at org.gradle.api.internal.tasks.testing.worker.TestWorker.stop(TestWorker.java:133)
	at sun.reflect.NativeMethodAccessorImpl.invoke0(Native Method)
	at sun.reflect.NativeMethodAccessorImpl.invoke(NativeMethodAccessorImpl.java:62)
	at sun.reflect.DelegatingMethodAccessorImpl.invoke(DelegatingMethodAccessorImpl.java:43)
	at java.lang.reflect.Method.invoke(Method.java:498)
	at org.gradle.internal.dispatch.ReflectionDispatch.dispatch(ReflectionDispatch.java:36)
	at org.gradle.internal.dispatch.ReflectionDispatch.dispatch(ReflectionDispatch.java:24)
	at org.gradle.internal.remote.internal.hub.MessageHubBackedObjectConnection$DispatchWrapper.dispatch(MessageHubBackedObjectConnection.java:182)
	at org.gradle.internal.remote.internal.hub.MessageHubBackedObjectConnection$DispatchWrapper.dispatch(MessageHubBackedObjectConnection.java:164)
	at org.gradle.internal.remote.internal.hub.MessageHub$Handler.run(MessageHub.java:414)
	at org.gradle.internal.concurrent.ExecutorPolicy$CatchAndRecordFailures.onExecute(ExecutorPolicy.java:64)
	at org.gradle.internal.concurrent.ManagedExecutorImpl$1.run(ManagedExecutorImpl.java:48)
	at java.util.concurrent.ThreadPoolExecutor.runWorker(ThreadPoolExecutor.java:1149)
	at java.util.concurrent.ThreadPoolExecutor$Worker.run(ThreadPoolExecutor.java:624)
	at org.gradle.internal.concurrent.ThreadFactoryImpl$ManagedThreadRunnable.run(ThreadFactoryImpl.java:56)
	at java.lang.Thread.run(Thread.java:748)
</failure>
  </testcase>
  <testcase name="getTagByName_tagNotFound()" classname="com.epam.esm.service.impl.TagServiceImpl_UsingInnerDB_Test" time="0.055"/>
  <testcase name="deleteTag_tagNotFound()" classname="com.epam.esm.service.impl.TagServiceImpl_UsingInnerDB_Test" time="0.015"/>
  <testcase name="createTag()" classname="com.epam.esm.service.impl.TagServiceImpl_UsingInnerDB_Test" time="0.055">
    <failure message="org.opentest4j.AssertionFailedError: expected: &lt;4&gt; but was: &lt;3&gt;" type="org.opentest4j.AssertionFailedError">org.opentest4j.AssertionFailedError: expected: &lt;4&gt; but was: &lt;3&gt;
	at org.junit.jupiter.api.AssertionUtils.fail(AssertionUtils.java:55)
	at org.junit.jupiter.api.AssertionUtils.failNotEqual(AssertionUtils.java:62)
	at org.junit.jupiter.api.AssertEquals.assertEquals(AssertEquals.java:150)
	at org.junit.jupiter.api.AssertEquals.assertEquals(AssertEquals.java:145)
	at org.junit.jupiter.api.Assertions.assertEquals(Assertions.java:510)
	at com.epam.esm.service.impl.TagServiceImpl_UsingInnerDB_Test.createTag(TagServiceImpl_UsingInnerDB_Test.java:41)
	at sun.reflect.NativeMethodAccessorImpl.invoke0(Native Method)
	at sun.reflect.NativeMethodAccessorImpl.invoke(NativeMethodAccessorImpl.java:62)
	at sun.reflect.DelegatingMethodAccessorImpl.invoke(DelegatingMethodAccessorImpl.java:43)
	at java.lang.reflect.Method.invoke(Method.java:498)
	at org.junit.platform.commons.util.ReflectionUtils.invokeMethod(ReflectionUtils.java:725)
	at org.junit.jupiter.engine.execution.MethodInvocation.proceed(MethodInvocation.java:60)
	at org.junit.jupiter.engine.execution.InvocationInterceptorChain$ValidatingInvocation.proceed(InvocationInterceptorChain.java:131)
	at org.junit.jupiter.engine.extension.TimeoutExtension.intercept(TimeoutExtension.java:149)
	at org.junit.jupiter.engine.extension.TimeoutExtension.interceptTestableMethod(TimeoutExtension.java:140)
	at org.junit.jupiter.engine.extension.TimeoutExtension.interceptTestMethod(TimeoutExtension.java:84)
	at org.junit.jupiter.engine.execution.ExecutableInvoker$ReflectiveInterceptorCall.lambda$ofVoidMethod$0(ExecutableInvoker.java:115)
	at org.junit.jupiter.engine.execution.ExecutableInvoker.lambda$invoke$0(ExecutableInvoker.java:105)
	at org.junit.jupiter.engine.execution.InvocationInterceptorChain$InterceptedInvocation.proceed(InvocationInterceptorChain.java:106)
	at org.junit.jupiter.engine.execution.InvocationInterceptorChain.proceed(InvocationInterceptorChain.java:64)
	at org.junit.jupiter.engine.execution.InvocationInterceptorChain.chainAndInvoke(InvocationInterceptorChain.java:45)
	at org.junit.jupiter.engine.execution.InvocationInterceptorChain.invoke(InvocationInterceptorChain.java:37)
	at org.junit.jupiter.engine.execution.ExecutableInvoker.invoke(ExecutableInvoker.java:104)
	at org.junit.jupiter.engine.execution.ExecutableInvoker.invoke(ExecutableInvoker.java:98)
	at org.junit.jupiter.engine.descriptor.TestMethodTestDescriptor.lambda$invokeTestMethod$6(TestMethodTestDescriptor.java:210)
	at org.junit.platform.engine.support.hierarchical.ThrowableCollector.execute(ThrowableCollector.java:73)
	at org.junit.jupiter.engine.descriptor.TestMethodTestDescriptor.invokeTestMethod(TestMethodTestDescriptor.java:206)
	at org.junit.jupiter.engine.descriptor.TestMethodTestDescriptor.execute(TestMethodTestDescriptor.java:131)
	at org.junit.jupiter.engine.descriptor.TestMethodTestDescriptor.execute(TestMethodTestDescriptor.java:65)
	at org.junit.platform.engine.support.hierarchical.NodeTestTask.lambda$executeRecursively$6(NodeTestTask.java:151)
	at org.junit.platform.engine.support.hierarchical.ThrowableCollector.execute(ThrowableCollector.java:73)
	at org.junit.platform.engine.support.hierarchical.NodeTestTask.lambda$executeRecursively$8(NodeTestTask.java:141)
	at org.junit.platform.engine.support.hierarchical.Node.around(Node.java:137)
	at org.junit.platform.engine.support.hierarchical.NodeTestTask.lambda$executeRecursively$9(NodeTestTask.java:139)
	at org.junit.platform.engine.support.hierarchical.ThrowableCollector.execute(ThrowableCollector.java:73)
	at org.junit.platform.engine.support.hierarchical.NodeTestTask.executeRecursively(NodeTestTask.java:138)
	at org.junit.platform.engine.support.hierarchical.NodeTestTask.execute(NodeTestTask.java:95)
	at java.util.ArrayList.forEach(ArrayList.java:1259)
	at org.junit.platform.engine.support.hierarchical.SameThreadHierarchicalTestExecutorService.invokeAll(SameThreadHierarchicalTestExecutorService.java:41)
	at org.junit.platform.engine.support.hierarchical.NodeTestTask.lambda$executeRecursively$6(NodeTestTask.java:155)
	at org.junit.platform.engine.support.hierarchical.ThrowableCollector.execute(ThrowableCollector.java:73)
	at org.junit.platform.engine.support.hierarchical.NodeTestTask.lambda$executeRecursively$8(NodeTestTask.java:141)
	at org.junit.platform.engine.support.hierarchical.Node.around(Node.java:137)
	at org.junit.platform.engine.support.hierarchical.NodeTestTask.lambda$executeRecursively$9(NodeTestTask.java:139)
	at org.junit.platform.engine.support.hierarchical.ThrowableCollector.execute(ThrowableCollector.java:73)
	at org.junit.platform.engine.support.hierarchical.NodeTestTask.executeRecursively(NodeTestTask.java:138)
	at org.junit.platform.engine.support.hierarchical.NodeTestTask.execute(NodeTestTask.java:95)
	at java.util.ArrayList.forEach(ArrayList.java:1259)
	at org.junit.platform.engine.support.hierarchical.SameThreadHierarchicalTestExecutorService.invokeAll(SameThreadHierarchicalTestExecutorService.java:41)
	at org.junit.platform.engine.support.hierarchical.NodeTestTask.lambda$executeRecursively$6(NodeTestTask.java:155)
	at org.junit.platform.engine.support.hierarchical.ThrowableCollector.execute(ThrowableCollector.java:73)
	at org.junit.platform.engine.support.hierarchical.NodeTestTask.lambda$executeRecursively$8(NodeTestTask.java:141)
	at org.junit.platform.engine.support.hierarchical.Node.around(Node.java:137)
	at org.junit.platform.engine.support.hierarchical.NodeTestTask.lambda$executeRecursively$9(NodeTestTask.java:139)
	at org.junit.platform.engine.support.hierarchical.ThrowableCollector.execute(ThrowableCollector.java:73)
	at org.junit.platform.engine.support.hierarchical.NodeTestTask.executeRecursively(NodeTestTask.java:138)
	at org.junit.platform.engine.support.hierarchical.NodeTestTask.execute(NodeTestTask.java:95)
	at org.junit.platform.engine.support.hierarchical.SameThreadHierarchicalTestExecutorService.submit(SameThreadHierarchicalTestExecutorService.java:35)
	at org.junit.platform.engine.support.hierarchical.HierarchicalTestExecutor.execute(HierarchicalTestExecutor.java:57)
	at org.junit.platform.engine.support.hierarchical.HierarchicalTestEngine.execute(HierarchicalTestEngine.java:54)
	at org.junit.platform.launcher.core.EngineExecutionOrchestrator.execute(EngineExecutionOrchestrator.java:108)
	at org.junit.platform.launcher.core.EngineExecutionOrchestrator.execute(EngineExecutionOrchestrator.java:88)
	at org.junit.platform.launcher.core.EngineExecutionOrchestrator.lambda$execute$0(EngineExecutionOrchestrator.java:54)
	at org.junit.platform.launcher.core.EngineExecutionOrchestrator.withInterceptedStreams(EngineExecutionOrchestrator.java:67)
	at org.junit.platform.launcher.core.EngineExecutionOrchestrator.execute(EngineExecutionOrchestrator.java:52)
	at org.junit.platform.launcher.core.DefaultLauncher.execute(DefaultLauncher.java:96)
	at org.junit.platform.launcher.core.DefaultLauncher.execute(DefaultLauncher.java:75)
	at org.gradle.api.internal.tasks.testing.junitplatform.JUnitPlatformTestClassProcessor$CollectAllTestClassesExecutor.processAllTestClasses(JUnitPlatformTestClassProcessor.java:99)
	at org.gradle.api.internal.tasks.testing.junitplatform.JUnitPlatformTestClassProcessor$CollectAllTestClassesExecutor.access$000(JUnitPlatformTestClassProcessor.java:79)
	at org.gradle.api.internal.tasks.testing.junitplatform.JUnitPlatformTestClassProcessor.stop(JUnitPlatformTestClassProcessor.java:75)
	at org.gradle.api.internal.tasks.testing.SuiteTestClassProcessor.stop(SuiteTestClassProcessor.java:61)
	at sun.reflect.NativeMethodAccessorImpl.invoke0(Native Method)
	at sun.reflect.NativeMethodAccessorImpl.invoke(NativeMethodAccessorImpl.java:62)
	at sun.reflect.DelegatingMethodAccessorImpl.invoke(DelegatingMethodAccessorImpl.java:43)
	at java.lang.reflect.Method.invoke(Method.java:498)
	at org.gradle.internal.dispatch.ReflectionDispatch.dispatch(ReflectionDispatch.java:36)
	at org.gradle.internal.dispatch.ReflectionDispatch.dispatch(ReflectionDispatch.java:24)
	at org.gradle.internal.dispatch.ContextClassLoaderDispatch.dispatch(ContextClassLoaderDispatch.java:33)
	at org.gradle.internal.dispatch.ProxyDispatchAdapter$DispatchingInvocationHandler.invoke(ProxyDispatchAdapter.java:94)
	at com.sun.proxy.$Proxy2.stop(Unknown Source)
	at org.gradle.api.internal.tasks.testing.worker.TestWorker.stop(TestWorker.java:133)
	at sun.reflect.NativeMethodAccessorImpl.invoke0(Native Method)
	at sun.reflect.NativeMethodAccessorImpl.invoke(NativeMethodAccessorImpl.java:62)
	at sun.reflect.DelegatingMethodAccessorImpl.invoke(DelegatingMethodAccessorImpl.java:43)
	at java.lang.reflect.Method.invoke(Method.java:498)
	at org.gradle.internal.dispatch.ReflectionDispatch.dispatch(ReflectionDispatch.java:36)
	at org.gradle.internal.dispatch.ReflectionDispatch.dispatch(ReflectionDispatch.java:24)
	at org.gradle.internal.remote.internal.hub.MessageHubBackedObjectConnection$DispatchWrapper.dispatch(MessageHubBackedObjectConnection.java:182)
	at org.gradle.internal.remote.internal.hub.MessageHubBackedObjectConnection$DispatchWrapper.dispatch(MessageHubBackedObjectConnection.java:164)
	at org.gradle.internal.remote.internal.hub.MessageHub$Handler.run(MessageHub.java:414)
	at org.gradle.internal.concurrent.ExecutorPolicy$CatchAndRecordFailures.onExecute(ExecutorPolicy.java:64)
	at org.gradle.internal.concurrent.ManagedExecutorImpl$1.run(ManagedExecutorImpl.java:48)
	at java.util.concurrent.ThreadPoolExecutor.runWorker(ThreadPoolExecutor.java:1149)
	at java.util.concurrent.ThreadPoolExecutor$Worker.run(ThreadPoolExecutor.java:624)
	at org.gradle.internal.concurrent.ThreadFactoryImpl$ManagedThreadRunnable.run(ThreadFactoryImpl.java:56)
	at java.lang.Thread.run(Thread.java:748)
</failure>
  </testcase>
  <testcase name="getTagByName_tagExists()" classname="com.epam.esm.service.impl.TagServiceImpl_UsingInnerDB_Test" time="0.018">
    <failure message="com.epam.esm.controller.api.exception.TagNotFoundException" type="com.epam.esm.controller.api.exception.TagNotFoundException">com.epam.esm.controller.api.exception.TagNotFoundException
	at com.epam.esm.repository.impl.CustomTagRepositoryImpl.lambda$findByName$1(CustomTagRepositoryImpl.java:73)
	at java.util.Optional.orElseThrow(Optional.java:290)
	at com.epam.esm.repository.impl.CustomTagRepositoryImpl.findByName(CustomTagRepositoryImpl.java:73)
	at com.epam.esm.repository.impl.CustomTagRepositoryImpl$$FastClassBySpringCGLIB$$597790.invoke(&lt;generated&gt;)
	at org.springframework.cglib.proxy.MethodProxy.invoke(MethodProxy.java:218)
	at org.springframework.aop.framework.CglibAopProxy$CglibMethodInvocation.invokeJoinpoint(CglibAopProxy.java:783)
	at org.springframework.aop.framework.ReflectiveMethodInvocation.proceed(ReflectiveMethodInvocation.java:163)
	at org.springframework.aop.framework.CglibAopProxy$CglibMethodInvocation.proceed(CglibAopProxy.java:753)
	at org.springframework.dao.support.PersistenceExceptionTranslationInterceptor.invoke(PersistenceExceptionTranslationInterceptor.java:137)
	at org.springframework.aop.framework.ReflectiveMethodInvocation.proceed(ReflectiveMethodInvocation.java:186)
	at org.springframework.aop.framework.CglibAopProxy$CglibMethodInvocation.proceed(CglibAopProxy.java:753)
	at org.springframework.aop.framework.CglibAopProxy$DynamicAdvisedInterceptor.intercept(CglibAopProxy.java:698)
	at com.epam.esm.repository.impl.CustomTagRepositoryImpl$$EnhancerBySpringCGLIB$$a6d0f3c9.findByName(&lt;generated&gt;)
	at sun.reflect.NativeMethodAccessorImpl.invoke0(Native Method)
	at sun.reflect.NativeMethodAccessorImpl.invoke(NativeMethodAccessorImpl.java:62)
	at sun.reflect.DelegatingMethodAccessorImpl.invoke(DelegatingMethodAccessorImpl.java:43)
	at java.lang.reflect.Method.invoke(Method.java:498)
	at org.springframework.data.repository.core.support.RepositoryMethodInvoker$RepositoryFragmentMethodInvoker.lambda$new$0(RepositoryMethodInvoker.java:289)
	at org.springframework.data.repository.core.support.RepositoryMethodInvoker.doInvoke(RepositoryMethodInvoker.java:137)
	at org.springframework.data.repository.core.support.RepositoryMethodInvoker.invoke(RepositoryMethodInvoker.java:121)
	at org.springframework.data.repository.core.support.RepositoryComposition$RepositoryFragments.invoke(RepositoryComposition.java:529)
	at org.springframework.data.repository.core.support.RepositoryComposition.invoke(RepositoryComposition.java:285)
	at org.springframework.data.repository.core.support.RepositoryFactorySupport$ImplementationMethodExecutionInterceptor.invoke(RepositoryFactorySupport.java:639)
	at org.springframework.aop.framework.ReflectiveMethodInvocation.proceed(ReflectiveMethodInvocation.java:186)
	at org.springframework.data.repository.core.support.QueryExecutorMethodInterceptor.doInvoke(QueryExecutorMethodInterceptor.java:163)
	at org.springframework.data.repository.core.support.QueryExecutorMethodInterceptor.invoke(QueryExecutorMethodInterceptor.java:138)
	at org.springframework.aop.framework.ReflectiveMethodInvocation.proceed(ReflectiveMethodInvocation.java:186)
	at org.springframework.data.projection.DefaultMethodInvokingMethodInterceptor.invoke(DefaultMethodInvokingMethodInterceptor.java:80)
	at org.springframework.aop.framework.ReflectiveMethodInvocation.proceed(ReflectiveMethodInvocation.java:186)
	at org.springframework.transaction.interceptor.TransactionInterceptor$1.proceedWithInvocation(TransactionInterceptor.java:123)
	at org.springframework.transaction.interceptor.TransactionAspectSupport.invokeWithinTransaction(TransactionAspectSupport.java:388)
	at org.springframework.transaction.interceptor.TransactionInterceptor.invoke(TransactionInterceptor.java:119)
	at org.springframework.aop.framework.ReflectiveMethodInvocation.proceed(ReflectiveMethodInvocation.java:186)
	at org.springframework.dao.support.PersistenceExceptionTranslationInterceptor.invoke(PersistenceExceptionTranslationInterceptor.java:137)
	at org.springframework.aop.framework.ReflectiveMethodInvocation.proceed(ReflectiveMethodInvocation.java:186)
	at org.springframework.data.jpa.repository.support.CrudMethodMetadataPostProcessor$CrudMethodMetadataPopulatingMethodInterceptor.invoke(CrudMethodMetadataPostProcessor.java:174)
	at org.springframework.aop.framework.ReflectiveMethodInvocation.proceed(ReflectiveMethodInvocation.java:186)
	at org.springframework.aop.interceptor.ExposeInvocationInterceptor.invoke(ExposeInvocationInterceptor.java:97)
	at org.springframework.aop.framework.ReflectiveMethodInvocation.proceed(ReflectiveMethodInvocation.java:186)
	at org.springframework.aop.framework.JdkDynamicAopProxy.invoke(JdkDynamicAopProxy.java:215)
	at com.sun.proxy.$Proxy145.findByName(Unknown Source)
	at com.epam.esm.service.impl.TagServiceImpl.getTag(TagServiceImpl.java:41)
	at com.epam.esm.service.impl.TagServiceImpl_UsingInnerDB_Test.getTagByName_tagExists(TagServiceImpl_UsingInnerDB_Test.java:62)
	at sun.reflect.NativeMethodAccessorImpl.invoke0(Native Method)
	at sun.reflect.NativeMethodAccessorImpl.invoke(NativeMethodAccessorImpl.java:62)
	at sun.reflect.DelegatingMethodAccessorImpl.invoke(DelegatingMethodAccessorImpl.java:43)
	at java.lang.reflect.Method.invoke(Method.java:498)
	at org.junit.platform.commons.util.ReflectionUtils.invokeMethod(ReflectionUtils.java:725)
	at org.junit.jupiter.engine.execution.MethodInvocation.proceed(MethodInvocation.java:60)
	at org.junit.jupiter.engine.execution.InvocationInterceptorChain$ValidatingInvocation.proceed(InvocationInterceptorChain.java:131)
	at org.junit.jupiter.engine.extension.TimeoutExtension.intercept(TimeoutExtension.java:149)
	at org.junit.jupiter.engine.extension.TimeoutExtension.interceptTestableMethod(TimeoutExtension.java:140)
	at org.junit.jupiter.engine.extension.TimeoutExtension.interceptTestMethod(TimeoutExtension.java:84)
	at org.junit.jupiter.engine.execution.ExecutableInvoker$ReflectiveInterceptorCall.lambda$ofVoidMethod$0(ExecutableInvoker.java:115)
	at org.junit.jupiter.engine.execution.ExecutableInvoker.lambda$invoke$0(ExecutableInvoker.java:105)
	at org.junit.jupiter.engine.execution.InvocationInterceptorChain$InterceptedInvocation.proceed(InvocationInterceptorChain.java:106)
	at org.junit.jupiter.engine.execution.InvocationInterceptorChain.proceed(InvocationInterceptorChain.java:64)
	at org.junit.jupiter.engine.execution.InvocationInterceptorChain.chainAndInvoke(InvocationInterceptorChain.java:45)
	at org.junit.jupiter.engine.execution.InvocationInterceptorChain.invoke(InvocationInterceptorChain.java:37)
	at org.junit.jupiter.engine.execution.ExecutableInvoker.invoke(ExecutableInvoker.java:104)
	at org.junit.jupiter.engine.execution.ExecutableInvoker.invoke(ExecutableInvoker.java:98)
	at org.junit.jupiter.engine.descriptor.TestMethodTestDescriptor.lambda$invokeTestMethod$6(TestMethodTestDescriptor.java:210)
	at org.junit.platform.engine.support.hierarchical.ThrowableCollector.execute(ThrowableCollector.java:73)
	at org.junit.jupiter.engine.descriptor.TestMethodTestDescriptor.invokeTestMethod(TestMethodTestDescriptor.java:206)
	at org.junit.jupiter.engine.descriptor.TestMethodTestDescriptor.execute(TestMethodTestDescriptor.java:131)
	at org.junit.jupiter.engine.descriptor.TestMethodTestDescriptor.execute(TestMethodTestDescriptor.java:65)
	at org.junit.platform.engine.support.hierarchical.NodeTestTask.lambda$executeRecursively$6(NodeTestTask.java:151)
	at org.junit.platform.engine.support.hierarchical.ThrowableCollector.execute(ThrowableCollector.java:73)
	at org.junit.platform.engine.support.hierarchical.NodeTestTask.lambda$executeRecursively$8(NodeTestTask.java:141)
	at org.junit.platform.engine.support.hierarchical.Node.around(Node.java:137)
	at org.junit.platform.engine.support.hierarchical.NodeTestTask.lambda$executeRecursively$9(NodeTestTask.java:139)
	at org.junit.platform.engine.support.hierarchical.ThrowableCollector.execute(ThrowableCollector.java:73)
	at org.junit.platform.engine.support.hierarchical.NodeTestTask.executeRecursively(NodeTestTask.java:138)
	at org.junit.platform.engine.support.hierarchical.NodeTestTask.execute(NodeTestTask.java:95)
	at java.util.ArrayList.forEach(ArrayList.java:1259)
	at org.junit.platform.engine.support.hierarchical.SameThreadHierarchicalTestExecutorService.invokeAll(SameThreadHierarchicalTestExecutorService.java:41)
	at org.junit.platform.engine.support.hierarchical.NodeTestTask.lambda$executeRecursively$6(NodeTestTask.java:155)
	at org.junit.platform.engine.support.hierarchical.ThrowableCollector.execute(ThrowableCollector.java:73)
	at org.junit.platform.engine.support.hierarchical.NodeTestTask.lambda$executeRecursively$8(NodeTestTask.java:141)
	at org.junit.platform.engine.support.hierarchical.Node.around(Node.java:137)
	at org.junit.platform.engine.support.hierarchical.NodeTestTask.lambda$executeRecursively$9(NodeTestTask.java:139)
	at org.junit.platform.engine.support.hierarchical.ThrowableCollector.execute(ThrowableCollector.java:73)
	at org.junit.platform.engine.support.hierarchical.NodeTestTask.executeRecursively(NodeTestTask.java:138)
	at org.junit.platform.engine.support.hierarchical.NodeTestTask.execute(NodeTestTask.java:95)
	at java.util.ArrayList.forEach(ArrayList.java:1259)
	at org.junit.platform.engine.support.hierarchical.SameThreadHierarchicalTestExecutorService.invokeAll(SameThreadHierarchicalTestExecutorService.java:41)
	at org.junit.platform.engine.support.hierarchical.NodeTestTask.lambda$executeRecursively$6(NodeTestTask.java:155)
	at org.junit.platform.engine.support.hierarchical.ThrowableCollector.execute(ThrowableCollector.java:73)
	at org.junit.platform.engine.support.hierarchical.NodeTestTask.lambda$executeRecursively$8(NodeTestTask.java:141)
	at org.junit.platform.engine.support.hierarchical.Node.around(Node.java:137)
	at org.junit.platform.engine.support.hierarchical.NodeTestTask.lambda$executeRecursively$9(NodeTestTask.java:139)
	at org.junit.platform.engine.support.hierarchical.ThrowableCollector.execute(ThrowableCollector.java:73)
	at org.junit.platform.engine.support.hierarchical.NodeTestTask.executeRecursively(NodeTestTask.java:138)
	at org.junit.platform.engine.support.hierarchical.NodeTestTask.execute(NodeTestTask.java:95)
	at org.junit.platform.engine.support.hierarchical.SameThreadHierarchicalTestExecutorService.submit(SameThreadHierarchicalTestExecutorService.java:35)
	at org.junit.platform.engine.support.hierarchical.HierarchicalTestExecutor.execute(HierarchicalTestExecutor.java:57)
	at org.junit.platform.engine.support.hierarchical.HierarchicalTestEngine.execute(HierarchicalTestEngine.java:54)
	at org.junit.platform.launcher.core.EngineExecutionOrchestrator.execute(EngineExecutionOrchestrator.java:108)
	at org.junit.platform.launcher.core.EngineExecutionOrchestrator.execute(EngineExecutionOrchestrator.java:88)
	at org.junit.platform.launcher.core.EngineExecutionOrchestrator.lambda$execute$0(EngineExecutionOrchestrator.java:54)
	at org.junit.platform.launcher.core.EngineExecutionOrchestrator.withInterceptedStreams(EngineExecutionOrchestrator.java:67)
	at org.junit.platform.launcher.core.EngineExecutionOrchestrator.execute(EngineExecutionOrchestrator.java:52)
	at org.junit.platform.launcher.core.DefaultLauncher.execute(DefaultLauncher.java:96)
	at org.junit.platform.launcher.core.DefaultLauncher.execute(DefaultLauncher.java:75)
	at org.gradle.api.internal.tasks.testing.junitplatform.JUnitPlatformTestClassProcessor$CollectAllTestClassesExecutor.processAllTestClasses(JUnitPlatformTestClassProcessor.java:99)
	at org.gradle.api.internal.tasks.testing.junitplatform.JUnitPlatformTestClassProcessor$CollectAllTestClassesExecutor.access$000(JUnitPlatformTestClassProcessor.java:79)
	at org.gradle.api.internal.tasks.testing.junitplatform.JUnitPlatformTestClassProcessor.stop(JUnitPlatformTestClassProcessor.java:75)
	at org.gradle.api.internal.tasks.testing.SuiteTestClassProcessor.stop(SuiteTestClassProcessor.java:61)
	at sun.reflect.NativeMethodAccessorImpl.invoke0(Native Method)
	at sun.reflect.NativeMethodAccessorImpl.invoke(NativeMethodAccessorImpl.java:62)
	at sun.reflect.DelegatingMethodAccessorImpl.invoke(DelegatingMethodAccessorImpl.java:43)
	at java.lang.reflect.Method.invoke(Method.java:498)
	at org.gradle.internal.dispatch.ReflectionDispatch.dispatch(ReflectionDispatch.java:36)
	at org.gradle.internal.dispatch.ReflectionDispatch.dispatch(ReflectionDispatch.java:24)
	at org.gradle.internal.dispatch.ContextClassLoaderDispatch.dispatch(ContextClassLoaderDispatch.java:33)
	at org.gradle.internal.dispatch.ProxyDispatchAdapter$DispatchingInvocationHandler.invoke(ProxyDispatchAdapter.java:94)
	at com.sun.proxy.$Proxy2.stop(Unknown Source)
	at org.gradle.api.internal.tasks.testing.worker.TestWorker.stop(TestWorker.java:133)
	at sun.reflect.NativeMethodAccessorImpl.invoke0(Native Method)
	at sun.reflect.NativeMethodAccessorImpl.invoke(NativeMethodAccessorImpl.java:62)
	at sun.reflect.DelegatingMethodAccessorImpl.invoke(DelegatingMethodAccessorImpl.java:43)
	at java.lang.reflect.Method.invoke(Method.java:498)
	at org.gradle.internal.dispatch.ReflectionDispatch.dispatch(ReflectionDispatch.java:36)
	at org.gradle.internal.dispatch.ReflectionDispatch.dispatch(ReflectionDispatch.java:24)
	at org.gradle.internal.remote.internal.hub.MessageHubBackedObjectConnection$DispatchWrapper.dispatch(MessageHubBackedObjectConnection.java:182)
	at org.gradle.internal.remote.internal.hub.MessageHubBackedObjectConnection$DispatchWrapper.dispatch(MessageHubBackedObjectConnection.java:164)
	at org.gradle.internal.remote.internal.hub.MessageHub$Handler.run(MessageHub.java:414)
	at org.gradle.internal.concurrent.ExecutorPolicy$CatchAndRecordFailures.onExecute(ExecutorPolicy.java:64)
	at org.gradle.internal.concurrent.ManagedExecutorImpl$1.run(ManagedExecutorImpl.java:48)
	at java.util.concurrent.ThreadPoolExecutor.runWorker(ThreadPoolExecutor.java:1149)
	at java.util.concurrent.ThreadPoolExecutor$Worker.run(ThreadPoolExecutor.java:624)
	at org.gradle.internal.concurrent.ThreadFactoryImpl$ManagedThreadRunnable.run(ThreadFactoryImpl.java:56)
	at java.lang.Thread.run(Thread.java:748)
</failure>
  </testcase>
  <system-out><![CDATA[16:42:10.588 [Test worker] DEBUG org.springframework.test.context.BootstrapUtils - Instantiating CacheAwareContextLoaderDelegate from class [org.springframework.test.context.cache.DefaultCacheAwareContextLoaderDelegate]
16:42:10.598 [Test worker] DEBUG org.springframework.test.context.BootstrapUtils - Instantiating BootstrapContext using constructor [public org.springframework.test.context.support.DefaultBootstrapContext(java.lang.Class,org.springframework.test.context.CacheAwareContextLoaderDelegate)]
16:42:10.630 [Test worker] DEBUG org.springframework.test.context.BootstrapUtils - Instantiating TestContextBootstrapper for test class [com.epam.esm.service.impl.TagServiceImpl_UsingInnerDB_Test] from class [org.springframework.boot.test.context.SpringBootTestContextBootstrapper]
16:42:10.642 [Test worker] INFO org.springframework.boot.test.context.SpringBootTestContextBootstrapper - Neither @ContextConfiguration nor @ContextHierarchy found for test class [com.epam.esm.service.impl.TagServiceImpl_UsingInnerDB_Test], using SpringBootContextLoader
16:42:10.646 [Test worker] DEBUG org.springframework.test.context.support.AbstractContextLoader - Did not detect default resource location for test class [com.epam.esm.service.impl.TagServiceImpl_UsingInnerDB_Test]: class path resource [com/epam/esm/service/impl/TagServiceImpl_UsingInnerDB_Test-context.xml] does not exist
16:42:10.647 [Test worker] DEBUG org.springframework.test.context.support.AbstractContextLoader - Did not detect default resource location for test class [com.epam.esm.service.impl.TagServiceImpl_UsingInnerDB_Test]: class path resource [com/epam/esm/service/impl/TagServiceImpl_UsingInnerDB_TestContext.groovy] does not exist
16:42:10.647 [Test worker] INFO org.springframework.test.context.support.AbstractContextLoader - Could not detect default resource locations for test class [com.epam.esm.service.impl.TagServiceImpl_UsingInnerDB_Test]: no resource found for suffixes {-context.xml, Context.groovy}.
16:42:10.648 [Test worker] INFO org.springframework.test.context.support.AnnotationConfigContextLoaderUtils - Could not detect default configuration classes for test class [com.epam.esm.service.impl.TagServiceImpl_UsingInnerDB_Test]: TagServiceImpl_UsingInnerDB_Test does not declare any static, non-private, non-final, nested classes annotated with @Configuration.
16:42:10.697 [Test worker] DEBUG org.springframework.test.context.support.ActiveProfilesUtils - Could not find an 'annotation declaring class' for annotation type [org.springframework.test.context.ActiveProfiles] and class [com.epam.esm.service.impl.TagServiceImpl_UsingInnerDB_Test]
16:42:10.783 [Test worker] DEBUG org.springframework.context.annotation.ClassPathScanningCandidateComponentProvider - Identified candidate component class: file [C:\Java\Labs\SpringBoot\jpa-plus-hibernate-plus-spring-boot-based-rest-api\build\classes\java\main\com\epam\esm\Runner.class]
16:42:10.784 [Test worker] INFO org.springframework.boot.test.context.SpringBootTestContextBootstrapper - Found @SpringBootConfiguration com.epam.esm.Runner for test class com.epam.esm.service.impl.TagServiceImpl_UsingInnerDB_Test
16:42:10.886 [Test worker] DEBUG org.springframework.boot.test.context.SpringBootTestContextBootstrapper - @TestExecutionListeners is not present for class [com.epam.esm.service.impl.TagServiceImpl_UsingInnerDB_Test]: using defaults.
16:42:10.887 [Test worker] INFO org.springframework.boot.test.context.SpringBootTestContextBootstrapper - Loaded default TestExecutionListener class names from location [META-INF/spring.factories]: [org.springframework.boot.test.autoconfigure.restdocs.RestDocsTestExecutionListener, org.springframework.boot.test.autoconfigure.web.client.MockRestServiceServerResetTestExecutionListener, org.springframework.boot.test.autoconfigure.web.servlet.MockMvcPrintOnlyOnFailureTestExecutionListener, org.springframework.boot.test.autoconfigure.web.servlet.WebDriverTestExecutionListener, org.springframework.boot.test.autoconfigure.webservices.client.MockWebServiceServerTestExecutionListener, org.springframework.boot.test.mock.mockito.MockitoTestExecutionListener, org.springframework.boot.test.mock.mockito.ResetMocksTestExecutionListener, org.springframework.test.context.web.ServletTestExecutionListener, org.springframework.test.context.support.DirtiesContextBeforeModesTestExecutionListener, org.springframework.test.context.event.ApplicationEventsTestExecutionListener, org.springframework.test.context.support.DependencyInjectionTestExecutionListener, org.springframework.test.context.support.DirtiesContextTestExecutionListener, org.springframework.test.context.transaction.TransactionalTestExecutionListener, org.springframework.test.context.jdbc.SqlScriptsTestExecutionListener, org.springframework.test.context.event.EventPublishingTestExecutionListener]
16:42:10.909 [Test worker] INFO org.springframework.boot.test.context.SpringBootTestContextBootstrapper - Using TestExecutionListeners: [org.springframework.test.context.web.ServletTestExecutionListener@258fe3ca, org.springframework.test.context.support.DirtiesContextBeforeModesTestExecutionListener@4ca3f35c, org.springframework.test.context.event.ApplicationEventsTestExecutionListener@5a5d3b4a, org.springframework.boot.test.mock.mockito.MockitoTestExecutionListener@6948296a, org.springframework.boot.test.autoconfigure.SpringBootDependencyInjectionTestExecutionListener@3383163a, org.springframework.test.context.support.DirtiesContextTestExecutionListener@60e92a05, org.springframework.test.context.transaction.TransactionalTestExecutionListener@53ddda39, org.springframework.test.context.jdbc.SqlScriptsTestExecutionListener@7b76aa51, org.springframework.test.context.event.EventPublishingTestExecutionListener@50ef41c3, org.springframework.boot.test.autoconfigure.restdocs.RestDocsTestExecutionListener@79fff0d9, org.springframework.boot.test.autoconfigure.web.client.MockRestServiceServerResetTestExecutionListener@444ef1cd, org.springframework.boot.test.autoconfigure.web.servlet.MockMvcPrintOnlyOnFailureTestExecutionListener@a24ff37, org.springframework.boot.test.autoconfigure.web.servlet.WebDriverTestExecutionListener@20ef46e9, org.springframework.boot.test.autoconfigure.webservices.client.MockWebServiceServerTestExecutionListener@26900315, org.springframework.boot.test.mock.mockito.ResetMocksTestExecutionListener@15635e93]
16:42:10.912 [Test worker] DEBUG org.springframework.test.context.support.AbstractDirtiesContextTestExecutionListener - Before test class: context [DefaultTestContext@b1d738 testClass = TagServiceImpl_UsingInnerDB_Test, testInstance = [null], testMethod = [null], testException = [null], mergedContextConfiguration = [WebMergedContextConfiguration@7c1816b1 testClass = TagServiceImpl_UsingInnerDB_Test, locations = '{}', classes = '{class com.epam.esm.Runner}', contextInitializerClasses = '[]', activeProfiles = '{}', propertySourceLocations = '{}', propertySourceProperties = '{org.springframework.boot.test.context.SpringBootTestContextBootstrapper=true}', contextCustomizers = set[org.springframework.boot.test.autoconfigure.actuate.metrics.MetricsExportContextCustomizerFactory$DisableMetricExportContextCustomizer@4390f0, org.springframework.boot.test.autoconfigure.properties.PropertyMappingContextCustomizer@0, org.springframework.boot.test.autoconfigure.web.servlet.WebDriverContextCustomizerFactory$Customizer@65da59b1, org.springframework.boot.test.context.filter.ExcludeFilterContextCustomizer@79e89404, org.springframework.boot.test.json.DuplicateJsonObjectContextCustomizerFactory$DuplicateJsonObjectContextCustomizer@2659c5d1, org.springframework.boot.test.mock.mockito.MockitoContextCustomizer@0, org.springframework.boot.test.web.client.TestRestTemplateContextCustomizer@7db51e13, org.springframework.boot.test.context.SpringBootTestArgs@1, org.springframework.boot.test.context.SpringBootTestWebEnvironment@27463306], resourceBasePath = 'src/main/webapp', contextLoader = 'org.springframework.boot.test.context.SpringBootContextLoader', parent = [null]], attributes = map['org.springframework.test.context.web.ServletTestExecutionListener.activateListener' -> true]], class annotated with @DirtiesContext [false] with mode [null].
2022-05-27 16:42:11.250  INFO 8956 --- [    Test worker] e.e.s.i.TagServiceImpl_UsingInnerDB_Test : Starting TagServiceImpl_UsingInnerDB_Test using Java 1.8.0_302 on DESKTOP-US0M6L4 with PID 8956 (started by Vox in C:\Java\Labs\SpringBoot\jpa-plus-hibernate-plus-spring-boot-based-rest-api)
2022-05-27 16:42:11.251  INFO 8956 --- [    Test worker] e.e.s.i.TagServiceImpl_UsingInnerDB_Test : The following 1 profile is active: "production"
2022-05-27 16:42:12.068  INFO 8956 --- [    Test worker] .s.d.r.c.RepositoryConfigurationDelegate : Bootstrapping Spring Data JPA repositories in DEFAULT mode.
2022-05-27 16:42:12.165  INFO 8956 --- [    Test worker] .s.d.r.c.RepositoryConfigurationDelegate : Finished Spring Data repository scanning in 89 ms. Found 8 JPA repository interfaces.
2022-05-27 16:42:13.290  INFO 8956 --- [    Test worker] o.hibernate.jpa.internal.util.LogHelper  : HHH000204: Processing PersistenceUnitInfo [name: default]
2022-05-27 16:42:13.349  INFO 8956 --- [    Test worker] org.hibernate.Version                    : HHH000412: Hibernate ORM core version 5.6.5.Final
2022-05-27 16:42:13.532  INFO 8956 --- [    Test worker] o.hibernate.annotations.common.Version   : HCANN000001: Hibernate Commons Annotations {5.1.2.Final}
2022-05-27 16:42:13.573 DEBUG 8956 --- [    Test worker] org.hibernate.type.BasicTypeRegistry     : Adding type registration boolean -> org.hibernate.type.BooleanType@6515497c
2022-05-27 16:42:13.574 DEBUG 8956 --- [    Test worker] org.hibernate.type.BasicTypeRegistry     : Adding type registration boolean -> org.hibernate.type.BooleanType@6515497c
2022-05-27 16:42:13.574 DEBUG 8956 --- [    Test worker] org.hibernate.type.BasicTypeRegistry     : Adding type registration java.lang.Boolean -> org.hibernate.type.BooleanType@6515497c
2022-05-27 16:42:13.575 DEBUG 8956 --- [    Test worker] org.hibernate.type.BasicTypeRegistry     : Adding type registration numeric_boolean -> org.hibernate.type.NumericBooleanType@5da24458
2022-05-27 16:42:13.576 DEBUG 8956 --- [    Test worker] org.hibernate.type.BasicTypeRegistry     : Adding type registration true_false -> org.hibernate.type.TrueFalseType@28ac4248
2022-05-27 16:42:13.577 DEBUG 8956 --- [    Test worker] org.hibernate.type.BasicTypeRegistry     : Adding type registration yes_no -> org.hibernate.type.YesNoType@527a22a0
2022-05-27 16:42:13.578 DEBUG 8956 --- [    Test worker] org.hibernate.type.BasicTypeRegistry     : Adding type registration byte -> org.hibernate.type.ByteType@144e6fe0
2022-05-27 16:42:13.578 DEBUG 8956 --- [    Test worker] org.hibernate.type.BasicTypeRegistry     : Adding type registration byte -> org.hibernate.type.ByteType@144e6fe0
2022-05-27 16:42:13.578 DEBUG 8956 --- [    Test worker] org.hibernate.type.BasicTypeRegistry     : Adding type registration java.lang.Byte -> org.hibernate.type.ByteType@144e6fe0
2022-05-27 16:42:13.580 DEBUG 8956 --- [    Test worker] org.hibernate.type.BasicTypeRegistry     : Adding type registration character -> org.hibernate.type.CharacterType@6ffba2f3
2022-05-27 16:42:13.580 DEBUG 8956 --- [    Test worker] org.hibernate.type.BasicTypeRegistry     : Adding type registration char -> org.hibernate.type.CharacterType@6ffba2f3
2022-05-27 16:42:13.580 DEBUG 8956 --- [    Test worker] org.hibernate.type.BasicTypeRegistry     : Adding type registration java.lang.Character -> org.hibernate.type.CharacterType@6ffba2f3
2022-05-27 16:42:13.582 DEBUG 8956 --- [    Test worker] org.hibernate.type.BasicTypeRegistry     : Adding type registration short -> org.hibernate.type.ShortType@74573eee
2022-05-27 16:42:13.582 DEBUG 8956 --- [    Test worker] org.hibernate.type.BasicTypeRegistry     : Adding type registration short -> org.hibernate.type.ShortType@74573eee
2022-05-27 16:42:13.582 DEBUG 8956 --- [    Test worker] org.hibernate.type.BasicTypeRegistry     : Adding type registration java.lang.Short -> org.hibernate.type.ShortType@74573eee
2022-05-27 16:42:13.584 DEBUG 8956 --- [    Test worker] org.hibernate.type.BasicTypeRegistry     : Adding type registration integer -> org.hibernate.type.IntegerType@13a82b16
2022-05-27 16:42:13.584 DEBUG 8956 --- [    Test worker] org.hibernate.type.BasicTypeRegistry     : Adding type registration int -> org.hibernate.type.IntegerType@13a82b16
2022-05-27 16:42:13.585 DEBUG 8956 --- [    Test worker] org.hibernate.type.BasicTypeRegistry     : Adding type registration java.lang.Integer -> org.hibernate.type.IntegerType@13a82b16
2022-05-27 16:42:13.586 DEBUG 8956 --- [    Test worker] org.hibernate.type.BasicTypeRegistry     : Adding type registration long -> org.hibernate.type.LongType@3ef61573
2022-05-27 16:42:13.586 DEBUG 8956 --- [    Test worker] org.hibernate.type.BasicTypeRegistry     : Adding type registration long -> org.hibernate.type.LongType@3ef61573
2022-05-27 16:42:13.586 DEBUG 8956 --- [    Test worker] org.hibernate.type.BasicTypeRegistry     : Adding type registration java.lang.Long -> org.hibernate.type.LongType@3ef61573
2022-05-27 16:42:13.588 DEBUG 8956 --- [    Test worker] org.hibernate.type.BasicTypeRegistry     : Adding type registration float -> org.hibernate.type.FloatType@624c890d
2022-05-27 16:42:13.588 DEBUG 8956 --- [    Test worker] org.hibernate.type.BasicTypeRegistry     : Adding type registration float -> org.hibernate.type.FloatType@624c890d
2022-05-27 16:42:13.588 DEBUG 8956 --- [    Test worker] org.hibernate.type.BasicTypeRegistry     : Adding type registration java.lang.Float -> org.hibernate.type.FloatType@624c890d
2022-05-27 16:42:13.589 DEBUG 8956 --- [    Test worker] org.hibernate.type.BasicTypeRegistry     : Adding type registration double -> org.hibernate.type.DoubleType@6b37bf00
2022-05-27 16:42:13.589 DEBUG 8956 --- [    Test worker] org.hibernate.type.BasicTypeRegistry     : Adding type registration double -> org.hibernate.type.DoubleType@6b37bf00
2022-05-27 16:42:13.590 DEBUG 8956 --- [    Test worker] org.hibernate.type.BasicTypeRegistry     : Adding type registration java.lang.Double -> org.hibernate.type.DoubleType@6b37bf00
2022-05-27 16:42:13.591 DEBUG 8956 --- [    Test worker] org.hibernate.type.BasicTypeRegistry     : Adding type registration big_decimal -> org.hibernate.type.BigDecimalType@36e30a7c
2022-05-27 16:42:13.591 DEBUG 8956 --- [    Test worker] org.hibernate.type.BasicTypeRegistry     : Adding type registration java.math.BigDecimal -> org.hibernate.type.BigDecimalType@36e30a7c
2022-05-27 16:42:13.592 DEBUG 8956 --- [    Test worker] org.hibernate.type.BasicTypeRegistry     : Adding type registration big_integer -> org.hibernate.type.BigIntegerType@6b3a68f3
2022-05-27 16:42:13.593 DEBUG 8956 --- [    Test worker] org.hibernate.type.BasicTypeRegistry     : Adding type registration java.math.BigInteger -> org.hibernate.type.BigIntegerType@6b3a68f3
2022-05-27 16:42:13.594 DEBUG 8956 --- [    Test worker] org.hibernate.type.BasicTypeRegistry     : Adding type registration string -> org.hibernate.type.StringType@5a9b8a13
2022-05-27 16:42:13.594 DEBUG 8956 --- [    Test worker] org.hibernate.type.BasicTypeRegistry     : Adding type registration java.lang.String -> org.hibernate.type.StringType@5a9b8a13
2022-05-27 16:42:13.595 DEBUG 8956 --- [    Test worker] org.hibernate.type.BasicTypeRegistry     : Adding type registration nstring -> org.hibernate.type.StringNVarcharType@49d94dcf
2022-05-27 16:42:13.595 DEBUG 8956 --- [    Test worker] org.hibernate.type.BasicTypeRegistry     : Adding type registration ncharacter -> org.hibernate.type.CharacterNCharType@77196618
2022-05-27 16:42:13.597 DEBUG 8956 --- [    Test worker] org.hibernate.type.BasicTypeRegistry     : Adding type registration url -> org.hibernate.type.UrlType@5ec38ebe
2022-05-27 16:42:13.597 DEBUG 8956 --- [    Test worker] org.hibernate.type.BasicTypeRegistry     : Adding type registration java.net.URL -> org.hibernate.type.UrlType@5ec38ebe
2022-05-27 16:42:13.598 DEBUG 8956 --- [    Test worker] org.hibernate.type.BasicTypeRegistry     : Adding type registration Duration -> org.hibernate.type.DurationType@252b9546
2022-05-27 16:42:13.598 DEBUG 8956 --- [    Test worker] org.hibernate.type.BasicTypeRegistry     : Adding type registration java.time.Duration -> org.hibernate.type.DurationType@252b9546
2022-05-27 16:42:13.599 DEBUG 8956 --- [    Test worker] org.hibernate.type.BasicTypeRegistry     : Adding type registration Instant -> org.hibernate.type.InstantType@58c6bfb1
2022-05-27 16:42:13.600 DEBUG 8956 --- [    Test worker] org.hibernate.type.BasicTypeRegistry     : Adding type registration java.time.Instant -> org.hibernate.type.InstantType@58c6bfb1
2022-05-27 16:42:13.601 DEBUG 8956 --- [    Test worker] org.hibernate.type.BasicTypeRegistry     : Adding type registration LocalDateTime -> org.hibernate.type.LocalDateTimeType@1070649f
2022-05-27 16:42:13.601 DEBUG 8956 --- [    Test worker] org.hibernate.type.BasicTypeRegistry     : Adding type registration java.time.LocalDateTime -> org.hibernate.type.LocalDateTimeType@1070649f
2022-05-27 16:42:13.603 DEBUG 8956 --- [    Test worker] org.hibernate.type.BasicTypeRegistry     : Adding type registration LocalDate -> org.hibernate.type.LocalDateType@2254ec96
2022-05-27 16:42:13.603 DEBUG 8956 --- [    Test worker] org.hibernate.type.BasicTypeRegistry     : Adding type registration java.time.LocalDate -> org.hibernate.type.LocalDateType@2254ec96
2022-05-27 16:42:13.604 DEBUG 8956 --- [    Test worker] org.hibernate.type.BasicTypeRegistry     : Adding type registration LocalTime -> org.hibernate.type.LocalTimeType@2beb8c2b
2022-05-27 16:42:13.604 DEBUG 8956 --- [    Test worker] org.hibernate.type.BasicTypeRegistry     : Adding type registration java.time.LocalTime -> org.hibernate.type.LocalTimeType@2beb8c2b
2022-05-27 16:42:13.605 DEBUG 8956 --- [    Test worker] org.hibernate.type.BasicTypeRegistry     : Adding type registration OffsetDateTime -> org.hibernate.type.OffsetDateTimeType@71a7c69e
2022-05-27 16:42:13.606 DEBUG 8956 --- [    Test worker] org.hibernate.type.BasicTypeRegistry     : Adding type registration java.time.OffsetDateTime -> org.hibernate.type.OffsetDateTimeType@71a7c69e
2022-05-27 16:42:13.607 DEBUG 8956 --- [    Test worker] org.hibernate.type.BasicTypeRegistry     : Adding type registration OffsetTime -> org.hibernate.type.OffsetTimeType@c79ff82
2022-05-27 16:42:13.607 DEBUG 8956 --- [    Test worker] org.hibernate.type.BasicTypeRegistry     : Adding type registration java.time.OffsetTime -> org.hibernate.type.OffsetTimeType@c79ff82
2022-05-27 16:42:13.609 DEBUG 8956 --- [    Test worker] org.hibernate.type.BasicTypeRegistry     : Adding type registration ZonedDateTime -> org.hibernate.type.ZonedDateTimeType@26b6633b
2022-05-27 16:42:13.610 DEBUG 8956 --- [    Test worker] org.hibernate.type.BasicTypeRegistry     : Adding type registration java.time.ZonedDateTime -> org.hibernate.type.ZonedDateTimeType@26b6633b
2022-05-27 16:42:13.611 DEBUG 8956 --- [    Test worker] org.hibernate.type.BasicTypeRegistry     : Adding type registration date -> org.hibernate.type.DateType@1daf46f9
2022-05-27 16:42:13.611 DEBUG 8956 --- [    Test worker] org.hibernate.type.BasicTypeRegistry     : Adding type registration java.sql.Date -> org.hibernate.type.DateType@1daf46f9
2022-05-27 16:42:13.613 DEBUG 8956 --- [    Test worker] org.hibernate.type.BasicTypeRegistry     : Adding type registration time -> org.hibernate.type.TimeType@4cdcaf6d
2022-05-27 16:42:13.613 DEBUG 8956 --- [    Test worker] org.hibernate.type.BasicTypeRegistry     : Adding type registration java.sql.Time -> org.hibernate.type.TimeType@4cdcaf6d
2022-05-27 16:42:13.614 DEBUG 8956 --- [    Test worker] org.hibernate.type.BasicTypeRegistry     : Adding type registration timestamp -> org.hibernate.type.TimestampType@44b7d7e6
2022-05-27 16:42:13.614 DEBUG 8956 --- [    Test worker] org.hibernate.type.BasicTypeRegistry     : Adding type registration java.sql.Timestamp -> org.hibernate.type.TimestampType@44b7d7e6
2022-05-27 16:42:13.614 DEBUG 8956 --- [    Test worker] org.hibernate.type.BasicTypeRegistry     : Adding type registration java.util.Date -> org.hibernate.type.TimestampType@44b7d7e6
2022-05-27 16:42:13.616 DEBUG 8956 --- [    Test worker] org.hibernate.type.BasicTypeRegistry     : Adding type registration dbtimestamp -> org.hibernate.type.DbTimestampType@16003b04
2022-05-27 16:42:13.617 DEBUG 8956 --- [    Test worker] org.hibernate.type.BasicTypeRegistry     : Adding type registration calendar -> org.hibernate.type.CalendarType@7724b1b2
2022-05-27 16:42:13.617 DEBUG 8956 --- [    Test worker] org.hibernate.type.BasicTypeRegistry     : Adding type registration java.util.Calendar -> org.hibernate.type.CalendarType@7724b1b2
2022-05-27 16:42:13.617 DEBUG 8956 --- [    Test worker] org.hibernate.type.BasicTypeRegistry     : Adding type registration java.util.GregorianCalendar -> org.hibernate.type.CalendarType@7724b1b2
2022-05-27 16:42:13.618 DEBUG 8956 --- [    Test worker] org.hibernate.type.BasicTypeRegistry     : Adding type registration calendar_date -> org.hibernate.type.CalendarDateType@7d0e34ed
2022-05-27 16:42:13.619 DEBUG 8956 --- [    Test worker] org.hibernate.type.BasicTypeRegistry     : Adding type registration calendar_time -> org.hibernate.type.CalendarTimeType@243c09ca
2022-05-27 16:42:13.620 DEBUG 8956 --- [    Test worker] org.hibernate.type.BasicTypeRegistry     : Adding type registration locale -> org.hibernate.type.LocaleType@666d9423
2022-05-27 16:42:13.620 DEBUG 8956 --- [    Test worker] org.hibernate.type.BasicTypeRegistry     : Adding type registration java.util.Locale -> org.hibernate.type.LocaleType@666d9423
2022-05-27 16:42:13.622 DEBUG 8956 --- [    Test worker] org.hibernate.type.BasicTypeRegistry     : Adding type registration currency -> org.hibernate.type.CurrencyType@5e1ce124
2022-05-27 16:42:13.622 DEBUG 8956 --- [    Test worker] org.hibernate.type.BasicTypeRegistry     : Adding type registration java.util.Currency -> org.hibernate.type.CurrencyType@5e1ce124
2022-05-27 16:42:13.623 DEBUG 8956 --- [    Test worker] org.hibernate.type.BasicTypeRegistry     : Adding type registration timezone -> org.hibernate.type.TimeZoneType@60324b24
2022-05-27 16:42:13.624 DEBUG 8956 --- [    Test worker] org.hibernate.type.BasicTypeRegistry     : Adding type registration java.util.TimeZone -> org.hibernate.type.TimeZoneType@60324b24
2022-05-27 16:42:13.625 DEBUG 8956 --- [    Test worker] org.hibernate.type.BasicTypeRegistry     : Adding type registration class -> org.hibernate.type.ClassType@3dcde4d8
2022-05-27 16:42:13.626 DEBUG 8956 --- [    Test worker] org.hibernate.type.BasicTypeRegistry     : Adding type registration java.lang.Class -> org.hibernate.type.ClassType@3dcde4d8
2022-05-27 16:42:13.627 DEBUG 8956 --- [    Test worker] org.hibernate.type.BasicTypeRegistry     : Adding type registration uuid-binary -> org.hibernate.type.UUIDBinaryType@7eeb2ede
2022-05-27 16:42:13.627 DEBUG 8956 --- [    Test worker] org.hibernate.type.BasicTypeRegistry     : Adding type registration java.util.UUID -> org.hibernate.type.UUIDBinaryType@7eeb2ede
2022-05-27 16:42:13.628 DEBUG 8956 --- [    Test worker] org.hibernate.type.BasicTypeRegistry     : Adding type registration uuid-char -> org.hibernate.type.UUIDCharType@a1c42b8
2022-05-27 16:42:13.630 DEBUG 8956 --- [    Test worker] org.hibernate.type.BasicTypeRegistry     : Adding type registration binary -> org.hibernate.type.BinaryType@5cd0d1e
2022-05-27 16:42:13.630 DEBUG 8956 --- [    Test worker] org.hibernate.type.BasicTypeRegistry     : Adding type registration byte[] -> org.hibernate.type.BinaryType@5cd0d1e
2022-05-27 16:42:13.630 DEBUG 8956 --- [    Test worker] org.hibernate.type.BasicTypeRegistry     : Adding type registration [B -> org.hibernate.type.BinaryType@5cd0d1e
2022-05-27 16:42:13.631 DEBUG 8956 --- [    Test worker] org.hibernate.type.BasicTypeRegistry     : Adding type registration wrapper-binary -> org.hibernate.type.WrapperBinaryType@6a9b088f
2022-05-27 16:42:13.631 DEBUG 8956 --- [    Test worker] org.hibernate.type.BasicTypeRegistry     : Adding type registration Byte[] -> org.hibernate.type.WrapperBinaryType@6a9b088f
2022-05-27 16:42:13.632 DEBUG 8956 --- [    Test worker] org.hibernate.type.BasicTypeRegistry     : Adding type registration [Ljava.lang.Byte; -> org.hibernate.type.WrapperBinaryType@6a9b088f
2022-05-27 16:42:13.633 DEBUG 8956 --- [    Test worker] org.hibernate.type.BasicTypeRegistry     : Adding type registration row_version -> org.hibernate.type.RowVersionType@4f6e2816
2022-05-27 16:42:13.633 DEBUG 8956 --- [    Test worker] org.hibernate.type.BasicTypeRegistry     : Adding type registration image -> org.hibernate.type.ImageType@7ae57822
2022-05-27 16:42:13.634 DEBUG 8956 --- [    Test worker] org.hibernate.type.BasicTypeRegistry     : Adding type registration characters -> org.hibernate.type.CharArrayType@5d6e7a68
2022-05-27 16:42:13.635 DEBUG 8956 --- [    Test worker] org.hibernate.type.BasicTypeRegistry     : Adding type registration char[] -> org.hibernate.type.CharArrayType@5d6e7a68
2022-05-27 16:42:13.635 DEBUG 8956 --- [    Test worker] org.hibernate.type.BasicTypeRegistry     : Adding type registration [C -> org.hibernate.type.CharArrayType@5d6e7a68
2022-05-27 16:42:13.636 DEBUG 8956 --- [    Test worker] org.hibernate.type.BasicTypeRegistry     : Adding type registration wrapper-characters -> org.hibernate.type.CharacterArrayType@72f0cd92
2022-05-27 16:42:13.636 DEBUG 8956 --- [    Test worker] org.hibernate.type.BasicTypeRegistry     : Adding type registration [Ljava.lang.Character; -> org.hibernate.type.CharacterArrayType@72f0cd92
2022-05-27 16:42:13.636 DEBUG 8956 --- [    Test worker] org.hibernate.type.BasicTypeRegistry     : Adding type registration Character[] -> org.hibernate.type.CharacterArrayType@72f0cd92
2022-05-27 16:42:13.637 DEBUG 8956 --- [    Test worker] org.hibernate.type.BasicTypeRegistry     : Adding type registration text -> org.hibernate.type.TextType@74675387
2022-05-27 16:42:13.638 DEBUG 8956 --- [    Test worker] org.hibernate.type.BasicTypeRegistry     : Adding type registration ntext -> org.hibernate.type.NTextType@2ac02e10
2022-05-27 16:42:13.639 DEBUG 8956 --- [    Test worker] org.hibernate.type.BasicTypeRegistry     : Adding type registration blob -> org.hibernate.type.BlobType@32275506
2022-05-27 16:42:13.640 DEBUG 8956 --- [    Test worker] org.hibernate.type.BasicTypeRegistry     : Adding type registration java.sql.Blob -> org.hibernate.type.BlobType@32275506
2022-05-27 16:42:13.640 DEBUG 8956 --- [    Test worker] org.hibernate.type.BasicTypeRegistry     : Adding type registration materialized_blob -> org.hibernate.type.MaterializedBlobType@d4eb7db
2022-05-27 16:42:13.642 DEBUG 8956 --- [    Test worker] org.hibernate.type.BasicTypeRegistry     : Adding type registration clob -> org.hibernate.type.ClobType@94cd1af
2022-05-27 16:42:13.643 DEBUG 8956 --- [    Test worker] org.hibernate.type.BasicTypeRegistry     : Adding type registration java.sql.Clob -> org.hibernate.type.ClobType@94cd1af
2022-05-27 16:42:13.645 DEBUG 8956 --- [    Test worker] org.hibernate.type.BasicTypeRegistry     : Adding type registration nclob -> org.hibernate.type.NClobType@5d8a79e
2022-05-27 16:42:13.645 DEBUG 8956 --- [    Test worker] org.hibernate.type.BasicTypeRegistry     : Adding type registration java.sql.NClob -> org.hibernate.type.NClobType@5d8a79e
2022-05-27 16:42:13.646 DEBUG 8956 --- [    Test worker] org.hibernate.type.BasicTypeRegistry     : Adding type registration materialized_clob -> org.hibernate.type.MaterializedClobType@7fb4813a
2022-05-27 16:42:13.647 DEBUG 8956 --- [    Test worker] org.hibernate.type.BasicTypeRegistry     : Adding type registration materialized_nclob -> org.hibernate.type.MaterializedNClobType@fbaeb19
2022-05-27 16:42:13.649 DEBUG 8956 --- [    Test worker] org.hibernate.type.BasicTypeRegistry     : Adding type registration serializable -> org.hibernate.type.SerializableType@51455bf5
2022-05-27 16:42:13.652 DEBUG 8956 --- [    Test worker] org.hibernate.type.BasicTypeRegistry     : Adding type registration object -> org.hibernate.type.ObjectType@511b4873
2022-05-27 16:42:13.652 DEBUG 8956 --- [    Test worker] org.hibernate.type.BasicTypeRegistry     : Adding type registration java.lang.Object -> org.hibernate.type.ObjectType@511b4873
2022-05-27 16:42:13.653 DEBUG 8956 --- [    Test worker] org.hibernate.type.BasicTypeRegistry     : Adding type registration imm_date -> org.hibernate.type.AdaptedImmutableType@677f3db0
2022-05-27 16:42:13.653 DEBUG 8956 --- [    Test worker] org.hibernate.type.BasicTypeRegistry     : Adding type registration imm_time -> org.hibernate.type.AdaptedImmutableType@6c2cb9fc
2022-05-27 16:42:13.654 DEBUG 8956 --- [    Test worker] org.hibernate.type.BasicTypeRegistry     : Adding type registration imm_timestamp -> org.hibernate.type.AdaptedImmutableType@360ce674
2022-05-27 16:42:13.654 DEBUG 8956 --- [    Test worker] org.hibernate.type.BasicTypeRegistry     : Adding type registration imm_dbtimestamp -> org.hibernate.type.AdaptedImmutableType@39d6b8b
2022-05-27 16:42:13.654 DEBUG 8956 --- [    Test worker] org.hibernate.type.BasicTypeRegistry     : Adding type registration imm_calendar -> org.hibernate.type.AdaptedImmutableType@1d9154f5
2022-05-27 16:42:13.654 DEBUG 8956 --- [    Test worker] org.hibernate.type.BasicTypeRegistry     : Adding type registration imm_calendar_date -> org.hibernate.type.AdaptedImmutableType@147bede2
2022-05-27 16:42:13.654 DEBUG 8956 --- [    Test worker] org.hibernate.type.BasicTypeRegistry     : Adding type registration imm_binary -> org.hibernate.type.AdaptedImmutableType@4515965f
2022-05-27 16:42:13.654 DEBUG 8956 --- [    Test worker] org.hibernate.type.BasicTypeRegistry     : Adding type registration imm_serializable -> org.hibernate.type.AdaptedImmutableType@2dbc6c45
2022-05-27 16:42:13.969  INFO 8956 --- [    Test worker] org.hibernate.dialect.Dialect            : HHH000400: Using dialect: org.hibernate.dialect.H2Dialect
2022-05-27 16:42:14.053 DEBUG 8956 --- [    Test worker] o.h.type.spi.TypeConfiguration$Scope     : Scoping TypeConfiguration [org.hibernate.type.spi.TypeConfiguration@643ecf53] to MetadataBuildingContext [org.hibernate.boot.internal.MetadataBuildingContextRootImpl@36a0ab38]
2022-05-27 16:42:14.368 DEBUG 8956 --- [    Test worker] o.h.type.spi.TypeConfiguration$Scope     : Scoping TypeConfiguration [org.hibernate.type.spi.TypeConfiguration@643ecf53] to SessionFactoryImpl [org.hibernate.internal.SessionFactoryImpl@34ea6fcc]
2022-05-27 16:42:14.747 DEBUG 8956 --- [    Test worker] org.hibernate.SQL                        : drop table if exists certificate CASCADE 
2022-05-27 16:42:14.751 DEBUG 8956 --- [    Test worker] org.hibernate.SQL                        : drop table if exists certificate_Tag CASCADE 
2022-05-27 16:42:14.751 DEBUG 8956 --- [    Test worker] org.hibernate.SQL                        : drop table if exists purchase CASCADE 
2022-05-27 16:42:14.751 DEBUG 8956 --- [    Test worker] org.hibernate.SQL                        : drop table if exists Tag CASCADE 
2022-05-27 16:42:14.751 DEBUG 8956 --- [    Test worker] org.hibernate.SQL                        : drop table if exists user CASCADE 
2022-05-27 16:42:14.751 DEBUG 8956 --- [    Test worker] org.hibernate.SQL                        : drop table if exists user_purchase CASCADE 
2022-05-27 16:42:14.752 DEBUG 8956 --- [    Test worker] org.hibernate.SQL                        : drop sequence if exists hibernate_sequence
2022-05-27 16:42:14.754 DEBUG 8956 --- [    Test worker] org.hibernate.SQL                        : create sequence hibernate_sequence start with 1 increment by 1
2022-05-27 16:42:14.756 DEBUG 8956 --- [    Test worker] org.hibernate.SQL                        : create table certificate (id bigint not null, createDate timestamp, duration integer, lastUpdateDate timestamp, name varchar(255), price integer, primary key (id))
2022-05-27 16:42:14.760 DEBUG 8956 --- [    Test worker] org.hibernate.SQL                        : create table certificate_Tag (Certificate_id bigint not null, description_id bigint not null)
2022-05-27 16:42:14.761 DEBUG 8956 --- [    Test worker] org.hibernate.SQL                        : create table purchase (id bigint generated by default as identity, cost integer, timestamp timestamp, certificate_id bigint, user_id bigint, primary key (id))
2022-05-27 16:42:14.763 DEBUG 8956 --- [    Test worker] org.hibernate.SQL                        : create table Tag (id bigint generated by default as identity, name varchar(255), primary key (id))
2022-05-27 16:42:14.764 DEBUG 8956 --- [    Test worker] org.hibernate.SQL                        : create table user (id bigint generated by default as identity, primary key (id))
2022-05-27 16:42:14.765 DEBUG 8956 --- [    Test worker] org.hibernate.SQL                        : create table user_purchase (User_id bigint not null, purchases_id bigint not null)
2022-05-27 16:42:14.765 DEBUG 8956 --- [    Test worker] org.hibernate.SQL                        : alter table Tag add constraint UK_24642shpebunaq3ggshotv9hk unique (name)
2022-05-27 16:42:14.768 DEBUG 8956 --- [    Test worker] org.hibernate.SQL                        : alter table user_purchase add constraint UK_7rmpmviite1smah65caj672sc unique (purchases_id)
2022-05-27 16:42:14.769 DEBUG 8956 --- [    Test worker] org.hibernate.SQL                        : alter table certificate_Tag add constraint FK46o2fnhvhcjcyvny5lvdg6xbw foreign key (description_id) references Tag
2022-05-27 16:42:14.774 DEBUG 8956 --- [    Test worker] org.hibernate.SQL                        : alter table certificate_Tag add constraint FKab4xfsgf58gvdvcw9k22ur01g foreign key (Certificate_id) references certificate
2022-05-27 16:42:14.776 DEBUG 8956 --- [    Test worker] org.hibernate.SQL                        : alter table purchase add constraint FKhgxcp4wnvr6iyybhp261ia8ef foreign key (certificate_id) references certificate
2022-05-27 16:42:14.777 DEBUG 8956 --- [    Test worker] org.hibernate.SQL                        : alter table purchase add constraint FK86i0stm7cqsglqptdvjij1k3m foreign key (user_id) references user
2022-05-27 16:42:14.778 DEBUG 8956 --- [    Test worker] org.hibernate.SQL                        : alter table user_purchase add constraint FKeatioulucri54r6li94xquuuu foreign key (purchases_id) references purchase
2022-05-27 16:42:14.779 DEBUG 8956 --- [    Test worker] org.hibernate.SQL                        : alter table user_purchase add constraint FK94yhegstbjg082lcx7fih70xc foreign key (User_id) references user
2022-05-27 16:42:14.783  INFO 8956 --- [    Test worker] o.h.t.schema.internal.SchemaCreatorImpl  : HHH000476: Executing import script 'file:/C:/Java/Labs/SpringBoot/jpa-plus-hibernate-plus-spring-boot-based-rest-api/build/resources/test/import.sql'
2022-05-27 16:42:14.783 DEBUG 8956 --- [    Test worker] org.hibernate.SQL                        : insert into tag values(1, 'tag1')
2022-05-27 16:42:14.785 DEBUG 8956 --- [    Test worker] org.hibernate.SQL                        : insert into tag values(2, 'tag2')
2022-05-27 16:42:14.786 DEBUG 8956 --- [    Test worker] org.hibernate.SQL                        : insert into tag values(3, 'tag3')
2022-05-27 16:42:14.795  INFO 8956 --- [    Test worker] o.h.e.t.j.p.i.JtaPlatformInitiator       : HHH000490: Using JtaPlatform implementation: [org.hibernate.engine.transaction.jta.platform.internal.NoJtaPlatform]
2022-05-27 16:42:14.802 TRACE 8956 --- [    Test worker] o.h.type.spi.TypeConfiguration$Scope     : Handling #sessionFactoryCreated from [org.hibernate.internal.SessionFactoryImpl@34ea6fcc] for TypeConfiguration
2022-05-27 16:42:14.804  INFO 8956 --- [    Test worker] j.LocalContainerEntityManagerFactoryBean : Initialized JPA EntityManagerFactory for persistence unit 'default'
2022-05-27 16:42:15.562  WARN 8956 --- [    Test worker] JpaBaseConfiguration$JpaWebConfiguration : spring.jpa.open-in-view is enabled by default. Therefore, database queries may be performed during view rendering. Explicitly configure spring.jpa.open-in-view to disable this warning
2022-05-27 16:42:18.325  INFO 8956 --- [    Test worker] o.s.b.a.e.web.EndpointLinksResolver      : Exposing 13 endpoint(s) beneath base path '/actuator'
2022-05-27 16:42:18.443  INFO 8956 --- [    Test worker] e.e.s.i.TagServiceImpl_UsingInnerDB_Test : Started TagServiceImpl_UsingInnerDB_Test in 7.495 seconds (JVM running for 8.624)
2022-05-27 16:42:18.927 DEBUG 8956 --- [    Test worker] org.hibernate.SQL                        : select tag0_.id as id1_3_, tag0_.name as name2_3_ from Tag tag0_ limit ?
2022-05-27 16:42:18.944 TRACE 8956 --- [    Test worker] o.h.type.descriptor.sql.BasicExtractor   : extracted value ([id1_3_] : [BIGINT]) - [1]
2022-05-27 16:42:18.953 TRACE 8956 --- [    Test worker] o.h.type.descriptor.sql.BasicExtractor   : extracted value ([name2_3_] : [VARCHAR]) - [tag1]
2022-05-27 16:42:18.955 TRACE 8956 --- [    Test worker] o.h.type.descriptor.sql.BasicExtractor   : extracted value ([id1_3_] : [BIGINT]) - [2]
2022-05-27 16:42:18.955 TRACE 8956 --- [    Test worker] o.h.type.descriptor.sql.BasicExtractor   : extracted value ([name2_3_] : [VARCHAR]) - [tag2]
2022-05-27 16:42:18.955 TRACE 8956 --- [    Test worker] o.h.type.descriptor.sql.BasicExtractor   : extracted value ([id1_3_] : [BIGINT]) - [3]
2022-05-27 16:42:18.955 TRACE 8956 --- [    Test worker] o.h.type.descriptor.sql.BasicExtractor   : extracted value ([name2_3_] : [VARCHAR]) - [tag3]
2022-05-27 16:42:19.010 DEBUG 8956 --- [    Test worker] org.hibernate.SQL                        : select tag0_.id as id1_3_, tag0_.name as name2_3_ from Tag tag0_ where tag0_.name=? limit ?
2022-05-27 16:42:19.012 TRACE 8956 --- [    Test worker] o.h.type.descriptor.sql.BasicBinder      : binding parameter [1] as [VARCHAR] - [tag1]
2022-05-27 16:42:19.013 TRACE 8956 --- [    Test worker] o.h.type.descriptor.sql.BasicExtractor   : extracted value ([id1_3_] : [BIGINT]) - [1]
2022-05-27 16:42:19.013 TRACE 8956 --- [    Test worker] o.h.type.descriptor.sql.BasicExtractor   : extracted value ([name2_3_] : [VARCHAR]) - [tag1]
2022-05-27 16:42:19.072 DEBUG 8956 --- [    Test worker] org.hibernate.SQL                        : delete from Tag where id=?
2022-05-27 16:42:19.074 TRACE 8956 --- [    Test worker] o.h.type.descriptor.sql.BasicBinder      : binding parameter [1] as [BIGINT] - [1]
-------------------------------
Time: 2022-05-27T16:42:19.084
Tag: {id:1, name:tag1}
Action: DELETED
-------------------------------
2022-05-27 16:42:19.089 DEBUG 8956 --- [    Test worker] org.hibernate.SQL                        : select tag0_.id as id1_3_, tag0_.name as name2_3_ from Tag tag0_ limit ?
2022-05-27 16:42:19.090 TRACE 8956 --- [    Test worker] o.h.type.descriptor.sql.BasicExtractor   : extracted value ([id1_3_] : [BIGINT]) - [2]
2022-05-27 16:42:19.091 TRACE 8956 --- [    Test worker] o.h.type.descriptor.sql.BasicExtractor   : extracted value ([name2_3_] : [VARCHAR]) - [tag2]
2022-05-27 16:42:19.091 TRACE 8956 --- [    Test worker] o.h.type.descriptor.sql.BasicExtractor   : extracted value ([id1_3_] : [BIGINT]) - [3]
2022-05-27 16:42:19.091 TRACE 8956 --- [    Test worker] o.h.type.descriptor.sql.BasicExtractor   : extracted value ([name2_3_] : [VARCHAR]) - [tag3]
2022-05-27 16:42:19.116 DEBUG 8956 --- [    Test worker] org.hibernate.SQL                        : select tag0_.id as id1_3_, tag0_.name as name2_3_ from Tag tag0_ limit ?
2022-05-27 16:42:19.117 TRACE 8956 --- [    Test worker] o.h.type.descriptor.sql.BasicExtractor   : extracted value ([id1_3_] : [BIGINT]) - [2]
2022-05-27 16:42:19.117 TRACE 8956 --- [    Test worker] o.h.type.descriptor.sql.BasicExtractor   : extracted value ([name2_3_] : [VARCHAR]) - [tag2]
2022-05-27 16:42:19.118 TRACE 8956 --- [    Test worker] o.h.type.descriptor.sql.BasicExtractor   : extracted value ([id1_3_] : [BIGINT]) - [3]
2022-05-27 16:42:19.118 TRACE 8956 --- [    Test worker] o.h.type.descriptor.sql.BasicExtractor   : extracted value ([name2_3_] : [VARCHAR]) - [tag3]
2022-05-27 16:42:19.176 DEBUG 8956 --- [    Test worker] org.hibernate.SQL                        : select tag0_.id as id1_3_, tag0_.name as name2_3_ from Tag tag0_ where tag0_.name=? limit ?
2022-05-27 16:42:19.177 TRACE 8956 --- [    Test worker] o.h.type.descriptor.sql.BasicBinder      : binding parameter [1] as [VARCHAR] - [tag_404]
2022-05-27 16:42:19.194 DEBUG 8956 --- [    Test worker] org.hibernate.SQL                        : select tag0_.id as id1_3_, tag0_.name as name2_3_ from Tag tag0_ where tag0_.name=? limit ?
2022-05-27 16:42:19.195 TRACE 8956 --- [    Test worker] o.h.type.descriptor.sql.BasicBinder      : binding parameter [1] as [VARCHAR] - [tag_404]
2022-05-27 16:42:19.212 DEBUG 8956 --- [    Test worker] org.hibernate.SQL                        : select tag0_.id as id1_3_, tag0_.name as name2_3_ from Tag tag0_ where tag0_.name=? limit ?
2022-05-27 16:42:19.212 TRACE 8956 --- [    Test worker] o.h.type.descriptor.sql.BasicBinder      : binding parameter [1] as [VARCHAR] - [tag4]
2022-05-27 16:42:19.234 DEBUG 8956 --- [    Test worker] org.hibernate.SQL                        : insert into Tag (id, name) values (default, ?)
2022-05-27 16:42:19.235 TRACE 8956 --- [    Test worker] o.h.type.descriptor.sql.BasicBinder      : binding parameter [1] as [VARCHAR] - [tag4]
-------------------------------
Time: 2022-05-27T16:42:19.242
Tag: {id:4, name:tag4}
Action: CREATED
-------------------------------
2022-05-27 16:42:19.248 DEBUG 8956 --- [    Test worker] org.hibernate.SQL                        : select tag0_.id as id1_3_, tag0_.name as name2_3_ from Tag tag0_ limit ?
2022-05-27 16:42:19.249 TRACE 8956 --- [    Test worker] o.h.type.descriptor.sql.BasicExtractor   : extracted value ([id1_3_] : [BIGINT]) - [2]
2022-05-27 16:42:19.250 TRACE 8956 --- [    Test worker] o.h.type.descriptor.sql.BasicExtractor   : extracted value ([name2_3_] : [VARCHAR]) - [tag2]
2022-05-27 16:42:19.251 TRACE 8956 --- [    Test worker] o.h.type.descriptor.sql.BasicExtractor   : extracted value ([id1_3_] : [BIGINT]) - [3]
2022-05-27 16:42:19.252 TRACE 8956 --- [    Test worker] o.h.type.descriptor.sql.BasicExtractor   : extracted value ([name2_3_] : [VARCHAR]) - [tag3]
2022-05-27 16:42:19.252 TRACE 8956 --- [    Test worker] o.h.type.descriptor.sql.BasicExtractor   : extracted value ([id1_3_] : [BIGINT]) - [4]
2022-05-27 16:42:19.253 TRACE 8956 --- [    Test worker] o.h.type.descriptor.sql.BasicExtractor   : extracted value ([name2_3_] : [VARCHAR]) - [tag4]
2022-05-27 16:42:19.274 DEBUG 8956 --- [    Test worker] org.hibernate.SQL                        : select tag0_.id as id1_3_, tag0_.name as name2_3_ from Tag tag0_ where tag0_.name=? limit ?
2022-05-27 16:42:19.274 TRACE 8956 --- [    Test worker] o.h.type.descriptor.sql.BasicBinder      : binding parameter [1] as [VARCHAR] - [tag1]
]]></system-out>
  <system-err><![CDATA[]]></system-err>
</testsuite>
